-I- cant find zeq_gui_preferences file, using defualt default
-W- Cant find er_locations.txt in project directory
-W- Cant find er_ages in project directory
-I- Read magic file /Users/Laurentia/0000_Github/2016_Swanson-Hysell_KeweeTrack/Data/New_Osler_Data/magic_measurements.txt
-I- done sorting meas data
-I- Reading previous interpretations from pmag* tables
No lower bound for Fit 1 on specimen AP1-1a using lowest step (0) for lower bound
No upper bound for fit Fit 1 on specimen AP1-1a using last step (580C) for upper bound
No lower bound for Fit 1 on specimen AP1-2a using lowest step (0) for lower bound
No upper bound for fit Fit 1 on specimen AP1-2a using last step (580C) for upper bound
No lower bound for Fit 1 on specimen AP1-3a using lowest step (0) for lower bound
No upper bound for fit Fit 1 on specimen AP1-3a using last step (580C) for upper bound
No lower bound for Fit 1 on specimen AP1-4a using lowest step (0) for lower bound
No upper bound for fit Fit 1 on specimen AP1-4a using last step (580C) for upper bound
No lower bound for Fit 1 on specimen AP1-5a using lowest step (0) for lower bound
No upper bound for fit Fit 1 on specimen AP1-5a using last step (580C) for upper bound
No lower bound for Fit 1 on specimen AP1-6a using lowest step (0) for lower bound
No upper bound for fit Fit 1 on specimen AP1-6a using last step (580C) for upper bound
No lower bound for Fit 1 on specimen AP1-7a using lowest step (0) for lower bound
No upper bound for fit Fit 1 on specimen AP1-7a using last step (580C) for upper bound
No lower bound for Fit 1 on specimen AP1-8a using lowest step (0) for lower bound
No upper bound for fit Fit 1 on specimen AP1-8a using last step (580C) for upper bound
no element: AP1-1a
no element: AP1-2a
no element: AP1-3a
no element: AP1-4a
no element: AP1-5a
no element: AP1-6a
no element: AP1-7a
no element: AP1-8a
no element: AP2-1a
no element: AP2-2a
no element: AP2-3a
no element: AP2-4a
no element: AP2-5a
no element: AP2-6a
no element: AP2-7a
no element: AP2-8a
no element: AP3-1a
no element: AP3-2a
no element: AP3-3a
no element: AP3-4a
no element: AP3-5a
no element: AP3-6a
no element: AP3-7a
no element: AP3-8a
no element: AP4-1a
no element: AP4-2a
no element: AP4-3a
no element: AP4-4a
no element: AP4-5a
no element: AP4-6a
no element: AP4-7a
no element: AP4-8a
no element: AP5-1a
no element: AP5-2a
no element: AP5-3a
no element: AP5-4a
no element: AP5-5a
no element: AP5-6a
no element: AP5-7a
no element: AP5-8a
no element: Puf1-1a
no element: Puf1-2a
no element: Puf1-3a
no element: Puf1-4a
no element: Puf1-5a
no element: Puf1-6a
no element: Puf1-7a
no element: Puf1-8a
no element: Puf2-1a
no element: Puf2-2a
no element: Puf2-3a
no element: Puf2-4a
no element: Puf2-5a
no element: Puf2-6a
no element: Puf2-7a
no element: AP1-1a
no element: AP1-2a
no element: AP1-3a
no element: AP1-4a
no element: AP1-5a
no element: AP1-6a
no element: AP1-7a
no element: AP1-8a
no element: AP2-1a
no element: AP2-2a
no element: AP2-3a
no element: AP2-4a
no element: AP2-5a
no element: AP2-6a
no element: AP2-7a
no element: AP2-8a
no element: AP3-1a
no element: AP3-2a
no element: AP3-3a
no element: AP3-4a
no element: AP3-5a
no element: AP3-6a
no element: AP3-7a
no element: AP3-8a
no element: AP4-1a
no element: AP4-2a
no element: AP4-3a
no element: AP4-4a
no element: AP4-5a
no element: AP4-6a
no element: AP4-7a
no element: AP4-8a
no element: AP5-1a
no element: AP5-2a
no element: AP5-3a
no element: AP5-4a
no element: AP5-5a
no element: AP5-6a
no element: AP5-7a
no element: AP5-8a
no element: Puf1-1a
no element: Puf1-2a
no element: Puf1-3a
no element: Puf1-4a
no element: Puf1-5a
no element: Puf1-6a
no element: Puf1-7a
no element: Puf1-8a
no element: Puf2-1a
no element: Puf2-2a
no element: Puf2-3a
no element: Puf2-4a
no element: Puf2-5a
no element: Puf2-6a
no element: Puf2-7a
no element: AP1-1a
no element: AP1-2a
no element: AP1-3a
no element: AP1-4a
no element: AP1-5a
no element: AP1-6a
no element: AP1-7a
no element: AP1-8a
no element: AP2-1a
no element: AP2-2a
no element: AP2-3a
no element: AP2-4a
no element: AP2-5a
no element: AP2-6a
no element: AP2-7a
no element: AP2-8a
no element: AP3-1a
no element: AP3-2a
no element: AP3-3a
no element: AP3-4a
no element: AP3-5a
no element: AP3-6a
no element: AP3-7a
no element: AP3-8a
no element: AP4-1a
no element: AP4-2a
no element: AP4-3a
no element: AP4-4a
no element: AP4-5a
no element: AP4-6a
no element: AP4-7a
no element: AP4-8a
no element: AP5-1a
no element: AP5-2a
no element: AP5-3a
no element: AP5-4a
no element: AP5-5a
no element: AP5-6a
no element: AP5-7a
no element: AP5-8a
no element: Puf1-1a
no element: Puf1-2a
no element: Puf1-3a
no element: Puf1-4a
no element: Puf1-5a
no element: Puf1-6a
no element: Puf1-7a
no element: Puf1-8a
no element: Puf2-1a
no element: Puf2-2a
no element: Puf2-3a
no element: Puf2-4a
no element: Puf2-5a
no element: Puf2-6a
no element: Puf2-7a
no element: AP1-1a
no element: AP1-2a
no element: AP1-3a
no element: AP1-4a
no element: AP1-5a
no element: AP1-6a
no element: AP1-7a
no element: AP1-8a
no element: AP2-1a
no element: AP2-2a
no element: AP2-3a
no element: AP2-4a
no element: AP2-5a
no element: AP2-6a
no element: AP2-7a
no element: AP2-8a
no element: AP3-1a
no element: AP3-2a
no element: AP3-3a
no element: AP3-4a
no element: AP3-5a
no element: AP3-6a
no element: AP3-7a
no element: AP3-8a
no element: AP4-1a
no element: AP4-2a
no element: AP4-3a
no element: AP4-4a
no element: AP4-5a
no element: AP4-6a
no element: AP4-7a
no element: AP4-8a
no element: AP5-1a
no element: AP5-2a
no element: AP5-3a
no element: AP5-4a
no element: AP5-5a
no element: AP5-6a
no element: AP5-7a
no element: AP5-8a
no element: Puf1-1a
no element: Puf1-2a
no element: Puf1-3a
no element: Puf1-4a
no element: Puf1-5a
no element: Puf1-6a
no element: Puf1-7a
no element: Puf1-8a
no element: Puf2-1a
no element: Puf2-2a
no element: Puf2-3a
no element: Puf2-4a
no element: Puf2-5a
no element: Puf2-6a
no element: Puf2-7a
no element: AP1-1a
no element: AP1-2a
no element: AP1-3a
no element: AP1-4a
no element: AP1-5a
no element: AP1-6a
no element: AP1-7a
no element: AP1-8a
no element: AP2-1a
no element: AP2-2a
no element: AP2-3a
no element: AP2-4a
no element: AP2-5a
no element: AP2-6a
no element: AP2-7a
no element: AP2-8a
no element: AP3-1a
no element: AP3-2a
no element: AP3-3a
no element: AP3-4a
no element: AP3-5a
no element: AP3-6a
no element: AP3-7a
no element: AP3-8a
no element: AP4-1a
no element: AP4-2a
no element: AP4-3a
no element: AP4-4a
no element: AP4-5a
no element: AP4-6a
no element: AP4-7a
no element: AP4-8a
no element: AP5-1a
no element: AP5-2a
no element: AP5-3a
no element: AP5-4a
no element: AP5-5a
no element: AP5-6a
no element: AP5-7a
no element: AP5-8a
no element: Puf1-1a
no element: Puf1-2a
no element: Puf1-3a
no element: Puf1-4a
no element: Puf1-5a
no element: Puf1-6a
no element: Puf1-7a
no element: Puf1-8a
no element: Puf2-1a
no element: Puf2-2a
no element: Puf2-3a
no element: Puf2-4a
no element: Puf2-5a
no element: Puf2-6a
no element: Puf2-7a
no element: AP1-1a
no element: AP1-2a
no element: AP1-3a
no element: AP1-4a
no element: AP1-5a
no element: AP1-6a
no element: AP1-7a
no element: AP1-8a
no element: AP2-1a
no element: AP2-2a
no element: AP2-3a
no element: AP2-4a
no element: AP2-5a
no element: AP2-6a
no element: AP2-7a
no element: AP2-8a
no element: AP3-1a
no element: AP3-2a
no element: AP3-3a
no element: AP3-4a
no element: AP3-5a
no element: AP3-6a
no element: AP3-7a
no element: AP3-8a
no element: AP4-1a
no element: AP4-2a
no element: AP4-3a
no element: AP4-4a
no element: AP4-5a
no element: AP4-6a
no element: AP4-7a
no element: AP4-8a
no element: AP5-1a
no element: AP5-2a
no element: AP5-3a
no element: AP5-4a
no element: AP5-5a
no element: AP5-6a
no element: AP5-7a
no element: AP5-8a
no element: Puf1-1a
no element: Puf1-2a
no element: Puf1-3a
no element: Puf1-4a
no element: Puf1-5a
no element: Puf1-6a
no element: Puf1-7a
no element: Puf1-8a
no element: Puf2-1a
no element: Puf2-2a
no element: Puf2-3a
no element: Puf2-4a
no element: Puf2-5a
no element: Puf2-6a
no element: Puf2-7a
no element: Puf1-1a
no element: Puf1-2a
no element: Puf1-3a
no element: Puf1-4a
no element: Puf1-5a
no element: Puf1-6a
no element: Puf1-7a
no element: Puf1-8a
no element: Puf2-1a
no element: Puf2-2a
no element: Puf2-3a
no element: Puf2-4a
no element: Puf2-5a
no element: Puf2-6a
no element: Puf2-7a
no element: Puf1-1a
no element: Puf1-2a
no element: Puf1-3a
no element: Puf1-4a
no element: Puf1-5a
no element: Puf1-6a
no element: Puf1-7a
no element: Puf1-8a
no element: Puf2-1a
no element: Puf2-2a
no element: Puf2-3a
no element: Puf2-4a
no element: Puf2-5a
no element: Puf2-6a
no element: Puf2-7a
no element: Puf1-1a
no element: Puf1-2a
no element: Puf1-3a
no element: Puf1-4a
no element: Puf1-5a
no element: Puf1-6a
no element: Puf1-7a
no element: Puf1-8a
no element: Puf1-1a
no element: Puf1-2a
no element: Puf1-3a
no element: Puf1-4a
no element: Puf1-5a
no element: Puf1-6a
no element: Puf1-7a
no element: Puf1-8a
no element: Puf1-1a
no element: Puf1-2a
no element: Puf1-3a
no element: Puf1-4a
no element: Puf1-5a
no element: Puf1-6a
no element: Puf1-7a
no element: Puf1-8a
no element: Puf1-1a
no element: Puf1-2a
no element: Puf1-3a
no element: Puf1-4a
no element: Puf1-5a
no element: Puf1-6a
no element: Puf1-7a
no element: Puf1-8a
no element: Puf1-1a
no element: Puf1-2a
no element: Puf1-3a
no element: Puf1-4a
no element: Puf1-5a
no element: Puf1-6a
no element: Puf1-7a
no element: Puf1-8a
no element: Puf1-1a
no element: Puf1-2a
no element: Puf1-3a
no element: Puf1-4a
no element: Puf1-5a
no element: Puf1-6a
no element: Puf1-7a
no element: Puf1-8a
no element: AP1-1a
no element: AP1-2a
no element: AP1-3a
no element: AP1-4a
no element: AP1-5a
no element: AP1-6a
no element: AP1-7a
no element: AP1-8a
no element: AP2-1a
no element: AP2-2a
no element: AP2-3a
no element: AP2-4a
no element: AP2-5a
no element: AP2-6a
no element: AP2-7a
no element: AP2-8a
no element: AP4-1a
no element: AP4-2a
no element: AP4-3a
no element: AP4-4a
no element: AP4-5a
no element: AP4-6a
no element: AP4-7a
no element: AP4-8a
no element: AP5-1a
no element: AP5-2a
no element: AP5-3a
no element: AP5-4a
no element: AP5-5a
no element: AP5-6a
no element: AP5-7a
no element: AP5-8a
no element: AP1-1a
no element: AP1-2a
no element: AP1-3a
no element: AP1-4a
no element: AP1-5a
no element: AP1-6a
no element: AP1-7a
no element: AP1-8a
no element: AP2-1a
no element: AP2-2a
no element: AP2-3a
no element: AP2-4a
no element: AP2-5a
no element: AP2-6a
no element: AP2-7a
no element: AP2-8a
no element: AP4-1a
no element: AP4-2a
no element: AP4-3a
no element: AP4-4a
no element: AP4-5a
no element: AP4-6a
no element: AP4-7a
no element: AP4-8a
no element: AP5-1a
no element: AP5-2a
no element: AP5-3a
no element: AP5-4a
no element: AP5-5a
no element: AP5-6a
no element: AP5-7a
no element: AP5-8a
no element: AP1-1a
no element: AP1-2a
no element: AP1-3a
no element: AP1-4a
no element: AP1-5a
no element: AP1-6a
no element: AP1-7a
no element: AP1-8a
no element: AP2-1a
no element: AP2-2a
no element: AP2-3a
no element: AP2-4a
no element: AP2-5a
no element: AP2-6a
no element: AP2-7a
no element: AP2-8a
no element: AP4-1a
no element: AP4-2a
no element: AP4-3a
no element: AP4-4a
no element: AP4-5a
no element: AP4-6a
no element: AP4-7a
no element: AP4-8a
no element: AP5-1a
no element: AP5-2a
no element: AP5-3a
no element: AP5-4a
no element: AP5-5a
no element: AP5-6a
no element: AP5-7a
no element: AP5-8a
no element: AP3-1a
no element: AP3-2a
no element: AP3-3a
no element: AP3-4a
no element: AP3-5a
no element: AP3-6a
no element: AP3-7a
no element: AP3-8a
no element: AP3-1a
no element: AP3-2a
no element: AP3-3a
no element: AP3-4a
no element: AP3-5a
no element: AP3-6a
no element: AP3-7a
no element: AP3-8a
no element: AP3-1a
no element: AP3-2a
no element: AP3-3a
no element: AP3-4a
no element: AP3-5a
no element: AP3-6a
no element: AP3-7a
no element: AP3-8a
no element: AP3-1a
no element: AP3-2a
no element: AP3-3a
no element: AP3-4a
no element: AP3-5a
no element: AP3-6a
no element: AP3-7a
no element: AP3-8a
no element: AP3-1a
no element: AP3-2a
no element: AP3-3a
no element: AP3-4a
no element: AP3-5a
no element: AP3-6a
no element: AP3-7a
no element: AP3-8a
no element: AP3-1a
no element: AP3-2a
no element: AP3-3a
no element: AP3-4a
no element: AP3-5a
no element: AP3-6a
no element: AP3-7a
no element: AP3-8a
no element: AP3-1a
no element: AP3-2a
no element: AP3-3a
no element: AP3-4a
no element: AP3-5a
no element: AP3-6a
no element: AP3-7a
no element: AP3-8a
no element: AP3-1a
no element: AP3-2a
no element: AP3-3a
no element: AP3-4a
no element: AP3-5a
no element: AP3-6a
no element: AP3-7a
no element: AP3-8a
no element: AP3-1a
no element: AP3-2a
no element: AP3-3a
no element: AP3-4a
no element: AP3-5a
no element: AP3-6a
no element: AP3-7a
no element: AP3-8a
no element: AP3-1a
no element: AP3-2a
no element: AP3-3a
no element: AP3-4a
no element: AP3-5a
no element: AP3-6a
no element: AP3-7a
no element: AP3-8a
no element: AP3-1a
no element: AP3-2a
no element: AP3-3a
no element: AP3-4a
no element: AP3-5a
no element: AP3-6a
no element: AP3-7a
no element: AP3-8a
no element: AP3-1a
no element: AP3-2a
no element: AP3-3a
no element: AP3-4a
no element: AP3-5a
no element: AP3-6a
no element: AP3-7a
no element: AP3-8a
no element: AP3-1a
no element: AP3-2a
no element: AP3-3a
no element: AP3-4a
no element: AP3-5a
no element: AP3-6a
no element: AP3-7a
no element: AP3-8a
no element: AP3-1a
no element: AP3-2a
no element: AP3-3a
no element: AP3-4a
no element: AP3-5a
no element: AP3-6a
no element: AP3-7a
no element: AP3-8a
no element: AP3-1a
no element: AP3-2a
no element: AP3-3a
no element: AP3-4a
no element: AP3-5a
no element: AP3-6a
no element: AP3-7a
no element: AP3-8a
no element: AP3-1a
no element: AP3-2a
no element: AP3-3a
no element: AP3-4a
no element: AP3-5a
no element: AP3-6a
no element: AP3-7a
no element: AP3-8a
no element: AP3-1a
no element: AP3-2a
no element: AP3-3a
no element: AP3-4a
no element: AP3-5a
no element: AP3-6a
no element: AP3-7a
no element: AP3-8a
no element: AP3-1a
no element: AP3-2a
no element: AP3-3a
no element: AP3-4a
no element: AP3-5a
no element: AP3-6a
no element: AP3-7a
no element: AP3-8a
no element: AP3-1a
no element: AP3-2a
no element: AP3-3a
no element: AP3-4a
no element: AP3-5a
no element: AP3-6a
no element: AP3-7a
no element: AP3-8a
no element: AP4-1a
no element: AP4-2a
no element: AP4-3a
no element: AP4-4a
no element: AP4-5a
no element: AP4-6a
no element: AP4-7a
no element: AP4-8a
no element: AP4-1a
no element: AP4-2a
no element: AP4-3a
no element: AP4-4a
no element: AP4-5a
no element: AP4-6a
no element: AP4-7a
no element: AP4-8a
no element: AP4-1a
no element: AP4-2a
no element: AP4-3a
no element: AP4-4a
no element: AP4-5a
no element: AP4-6a
no element: AP4-7a
no element: AP4-8a
no element: AP4-1a
no element: AP4-2a
no element: AP4-3a
no element: AP4-4a
no element: AP4-5a
no element: AP4-6a
no element: AP4-7a
no element: AP4-8a
no element: AP4-1a
no element: AP4-2a
no element: AP4-3a
no element: AP4-4a
no element: AP4-5a
no element: AP4-6a
no element: AP4-7a
no element: AP4-8a
no element: AP4-1a
no element: AP4-2a
no element: AP4-3a
no element: AP4-4a
no element: AP4-5a
no element: AP4-6a
no element: AP4-7a
no element: AP4-8a
no element: AP4-1a
no element: AP4-2a
no element: AP4-3a
no element: AP4-4a
no element: AP4-5a
no element: AP4-6a
no element: AP4-7a
no element: AP4-8a
no element: AP4-1a
no element: AP4-2a
no element: AP4-3a
no element: AP4-4a
no element: AP4-5a
no element: AP4-6a
no element: AP4-7a
no element: AP4-8a
no element: AP4-1a
no element: AP4-2a
no element: AP4-3a
no element: AP4-4a
no element: AP4-5a
no element: AP4-6a
no element: AP4-7a
no element: AP4-8a
no element: AP4-1a
no element: AP4-2a
no element: AP4-3a
no element: AP4-4a
no element: AP4-5a
no element: AP4-6a
no element: AP4-7a
no element: AP4-8a
no element: AP4-1a
no element: AP4-2a
no element: AP4-3a
no element: AP4-4a
no element: AP4-5a
no element: AP4-6a
no element: AP4-7a
no element: AP4-8a
no element: AP4-1a
no element: AP4-2a
no element: AP4-3a
no element: AP4-4a
no element: AP4-5a
no element: AP4-6a
no element: AP4-7a
no element: AP4-8a
no element: AP4-1a
no element: AP4-2a
no element: AP4-3a
no element: AP4-4a
no element: AP4-5a
no element: AP4-6a
no element: AP4-7a
no element: AP4-8a
no element: AP4-1a
no element: AP4-2a
no element: AP4-3a
no element: AP4-4a
no element: AP4-5a
no element: AP4-6a
no element: AP4-7a
no element: AP4-8a
no element: AP4-1a
no element: AP4-2a
no element: AP4-3a
no element: AP4-4a
no element: AP4-5a
no element: AP4-6a
no element: AP4-7a
no element: AP4-8a
no element: AP4-1a
no element: AP4-2a
no element: AP4-3a
no element: AP4-4a
no element: AP4-5a
no element: AP4-6a
no element: AP4-7a
no element: AP4-8a
no element: AP5-1a
no element: AP5-2a
no element: AP5-3a
no element: AP5-4a
no element: AP5-5a
no element: AP5-6a
no element: AP5-7a
no element: AP5-8a
no element: AP5-1a
no element: AP5-2a
no element: AP5-3a
no element: AP5-4a
no element: AP5-5a
no element: AP5-6a
no element: AP5-7a
no element: AP5-8a
no element: AP5-1a
no element: AP5-2a
no element: AP5-3a
no element: AP5-4a
no element: AP5-5a
no element: AP5-6a
no element: AP5-7a
no element: AP5-8a
no element: AP5-1a
no element: AP5-2a
no element: AP5-3a
no element: AP5-4a
no element: AP5-5a
no element: AP5-6a
no element: AP5-7a
no element: AP5-8a
no element: AP5-1a
no element: AP5-2a
no element: AP5-3a
no element: AP5-4a
no element: AP5-5a
no element: AP5-6a
no element: AP5-7a
no element: AP5-8a
no element: AP5-1a
no element: AP5-2a
no element: AP5-3a
no element: AP5-4a
no element: AP5-5a
no element: AP5-6a
no element: AP5-7a
no element: AP5-8a
no element: AP5-1a
no element: AP5-2a
no element: AP5-3a
no element: AP5-4a
no element: AP5-5a
no element: AP5-6a
no element: AP5-7a
no element: AP5-8a
no element: AP5-1a
no element: AP5-2a
no element: AP5-3a
no element: AP5-4a
no element: AP5-5a
no element: AP5-6a
no element: AP5-7a
no element: AP5-8a
no element: AP5-1a
no element: AP5-2a
no element: AP5-3a
no element: AP5-4a
no element: AP5-5a
no element: AP5-6a
no element: AP5-7a
no element: AP5-8a
no element: AP5-1a
no element: AP5-2a
no element: AP5-3a
no element: AP5-4a
no element: AP5-5a
no element: AP5-6a
no element: AP5-7a
no element: AP5-8a
no element: AP5-1a
no element: AP5-2a
no element: AP5-3a
no element: AP5-4a
no element: AP5-5a
no element: AP5-6a
no element: AP5-7a
no element: AP5-8a
no element: AP5-1a
no element: AP5-2a
no element: AP5-3a
no element: AP5-4a
no element: AP5-5a
no element: AP5-6a
no element: AP5-7a
no element: AP5-8a
no element: AP5-1a
no element: AP5-2a
no element: AP5-3a
no element: AP5-4a
no element: AP5-5a
no element: AP5-6a
no element: AP5-7a
no element: AP5-8a
no element: AP5-1a
no element: AP5-2a
no element: AP5-3a
no element: AP5-4a
no element: AP5-5a
no element: AP5-6a
no element: AP5-7a
no element: AP5-8a
no element: AP5-1a
no element: AP5-2a
no element: AP5-3a
no element: AP5-4a
no element: AP5-5a
no element: AP5-6a
no element: AP5-7a
no element: AP5-8a
no element: AP5-1a
no element: AP5-2a
no element: AP5-3a
no element: AP5-4a
no element: AP5-5a
no element: AP5-6a
no element: AP5-7a
no element: AP5-8a
no element: AP5-1a
no element: AP5-2a
no element: AP5-3a
no element: AP5-4a
no element: AP5-5a
no element: AP5-6a
no element: AP5-7a
no element: AP5-8a
no element: AP5-1a
no element: AP5-2a
no element: AP5-3a
no element: AP5-4a
no element: AP5-5a
no element: AP5-6a
no element: AP5-7a
no element: AP5-8a
no element: AP5-1a
no element: AP5-2a
no element: AP5-3a
no element: AP5-4a
no element: AP5-5a
no element: AP5-6a
no element: AP5-7a
no element: AP5-8a
no element: AP5-1a
no element: AP5-2a
no element: AP5-3a
no element: AP5-4a
no element: AP5-5a
no element: AP5-6a
no element: AP5-7a
no element: AP5-8a
no element: AP5-1a
no element: AP5-2a
no element: AP5-3a
no element: AP5-4a
no element: AP5-5a
no element: AP5-6a
no element: AP5-7a
no element: AP5-8a
no element: AP5-1a
no element: AP5-2a
no element: AP5-3a
no element: AP5-4a
no element: AP5-5a
no element: AP5-6a
no element: AP5-7a
no element: AP5-8a
no element: AP5-1a
no element: AP5-2a
no element: AP5-3a
no element: AP5-4a
no element: AP5-5a
no element: AP5-6a
no element: AP5-7a
no element: AP5-8a
no element: AP5-1a
no element: AP5-2a
no element: AP5-3a
no element: AP5-4a
no element: AP5-5a
no element: AP5-6a
no element: AP5-7a
no element: AP5-8a
no element: AP5-1a
no element: AP5-2a
no element: AP5-3a
no element: AP5-4a
no element: AP5-5a
no element: AP5-6a
no element: AP5-7a
no element: AP5-8a
no element: AP5-1a
no element: AP5-2a
no element: AP5-3a
no element: AP5-4a
no element: AP5-5a
no element: AP5-6a
no element: AP5-7a
no element: AP5-8a
no element: AP5-1a
no element: AP5-2a
no element: AP5-3a
no element: AP5-4a
no element: AP5-5a
no element: AP5-6a
no element: AP5-7a
no element: AP5-8a
no element: AP5-1a
no element: AP5-2a
no element: AP5-3a
no element: AP5-4a
no element: AP5-5a
no element: AP5-6a
no element: AP5-7a
no element: AP5-8a
no element: AP5-1a
no element: AP5-2a
no element: AP5-3a
no element: AP5-4a
no element: AP5-5a
no element: AP5-6a
no element: AP5-7a
no element: AP5-8a
no element: AP5-1a
no element: AP5-2a
no element: AP5-3a
no element: AP5-4a
no element: AP5-5a
no element: AP5-6a
no element: AP5-7a
no element: AP5-8a
no element: Puf1-1a
no element: Puf1-2a
no element: Puf1-3a
no element: Puf1-4a
no element: Puf1-5a
no element: Puf1-6a
no element: Puf1-7a
no element: Puf1-8a
no element: Puf1-1a
no element: Puf1-2a
no element: Puf1-3a
no element: Puf1-4a
no element: Puf1-5a
no element: Puf1-6a
no element: Puf1-7a
no element: Puf1-8a
no element: Puf1-1a
no element: Puf1-2a
no element: Puf1-3a
no element: Puf1-4a
no element: Puf1-5a
no element: Puf1-6a
no element: Puf1-7a
no element: Puf1-8a
no element: Puf1-1a
no element: Puf1-2a
no element: Puf1-3a
no element: Puf1-4a
no element: Puf1-5a
no element: Puf1-6a
no element: Puf1-7a
no element: Puf1-8a
no element: Puf1-1a
no element: Puf1-2a
no element: Puf1-3a
no element: Puf1-4a
no element: Puf1-5a
no element: Puf1-6a
no element: Puf1-7a
no element: Puf1-8a
-I- Read old magic file  /Users/Laurentia/0000_Github/2016_Swanson-Hysell_KeweeTrack/Data/New_Osler_Data/pmag_specimens.txt

165  records written to file  /Users/Laurentia/0000_Github/2016_Swanson-Hysell_KeweeTrack/Data/New_Osler_Data/pmag_specimens.txt
specimen data stored in /Users/Laurentia/0000_Github/2016_Swanson-Hysell_KeweeTrack/Data/New_Osler_Data/pmag_specimens.txt

-I- Read old magic file  /Users/Laurentia/0000_Github/2016_Swanson-Hysell_KeweeTrack/Data/New_Osler_Data/pmag_samples.txt
-I- Read old magic file  /Users/Laurentia/0000_Github/2016_Swanson-Hysell_KeweeTrack/Data/New_Osler_Data/pmag_sites.txt
-I- Read old magic file  /Users/Laurentia/0000_Github/2016_Swanson-Hysell_KeweeTrack/Data/New_Osler_Data/pmag_results.txt
('coord', 't', 'vgps_level', 'site', 'DefaultAge', ['1104.000000', '1106.000000', u'Ma'], 'avg_directions_by_sample', False, 'avg_by_polarity', False, 'use_criteria', 'none')
7  records written to file  ./pmag_sites.txt
 sites written to  ./pmag_sites.txt
7  records written to file  ./pmag_results.txt
 results written to  ./pmag_results.txt
7  records written to file  /Users/Laurentia/0000_Github/2016_Swanson-Hysell_KeweeTrack/Data/New_Osler_Data/pmag_sites.txt
write new interpretations in /Users/Laurentia/0000_Github/2016_Swanson-Hysell_KeweeTrack/Data/New_Osler_Data/pmag_sites.txt

7  records written to file  /Users/Laurentia/0000_Github/2016_Swanson-Hysell_KeweeTrack/Data/New_Osler_Data/pmag_results.txt
write new interpretations in /Users/Laurentia/0000_Github/2016_Swanson-Hysell_KeweeTrack/Data/New_Osler_Data/pmag_results.txt

-I- Reading previous interpretations from pmag* tables
no element: Puf1-1a
no element: Puf1-2a
no element: Puf1-3a
no element: Puf1-4a
no element: Puf1-5a
no element: Puf1-6a
no element: Puf1-7a
no element: Puf1-8a
no element: AP1-1a
no element: AP1-2a
no element: AP1-3a
no element: AP1-4a
no element: AP1-5a
no element: AP1-6a
no element: AP1-7a
no element: AP1-8a
no element: AP1-1a
no element: AP1-2a
no element: AP1-3a
no element: AP1-4a
no element: AP1-5a
no element: AP1-6a
no element: AP1-7a
no element: AP1-8a
